<?xml version="1.0" encoding="utf-8" standalone="no"?>
<!--This file represents the results of running a test suite-->
<test-results name="Tweet_automation.dll" total="3" errors="0" failures="0" not-run="0" inconclusive="0" ignored="0" skipped="0" invalid="0" date="2019-03-31" time="19:49:22">
  <environment nunit-version="3.6.0.0" clr-version="4.0.30319.42000" os-version="Microsoft Windows NT 10.0.16299.0" platform="Win32NT" cwd="C:\Users\surya.chakravarty\Documents\Visual Studio 2015\Projects\Tweet_automation\packages\NUnit.ConsoleRunner.3.10.0\tools" machine-name="MYOB92S07H2" user="Surya.Chakravarty" user-domain="MYOB" />
  <culture-info current-culture="en-AU" current-uiculture="en-US" />
  <test-suite type="Assembly" name="Tweet_automation.dll" executed="True" result="Success" success="True" time="58.425" asserts="9">
    <properties>
      <property name="_PID" value="14908" />
      <property name="_APPDOMAIN" value="domain-" />
    </properties>
    <results>
      <test-suite type="TestSuite" name="Tweet_automation" executed="True" result="Success" success="True" time="58.404" asserts="9">
        <results>
          <test-suite type="TestSuite" name="Features" executed="True" result="Success" success="True" time="58.404" asserts="9">
            <results>
              <test-suite type="TestFixture" name="PostLongTweetFeature" description="PostLongTweet" executed="True" result="Success" success="True" time="21.909" asserts="2">
                <properties>
                  <property name="Description" value="PostLongTweet" />
                </properties>
                <results>
                  <test-suite type="ParameterizedTest" name="DisallowPostingATweetMoreThan280Chars" description="Disallow posting a tweet more than 280 chars" executed="True" result="Success" success="True" time="21.492" asserts="2">
                    <properties>
                      <property name="Description" value="Disallow posting a tweet more than 280 chars" />
                    </properties>
                    <results>
                      <test-case name="Tweet_automation.Features.PostLongTweetFeature.DisallowPostingATweetMoreThan280Chars(&quot;Sometimes we make the process more complicated than we need to. We will never make a journey of a thousand miles by fretting about how long it will take or how hard it will be. We make the journey by taking each day step by step and then repeating it again and again until we reach our destination.&quot;,null)" executed="True" result="Success" success="True" time="21.482" asserts="2" />
                    </results>
                  </test-suite>
                </results>
              </test-suite>
              <test-suite type="TestFixture" name="PostNewTweetFeature" description="PostNewTweet" executed="True" result="Success" success="True" time="36.489" asserts="7">
                <properties>
                  <property name="Description" value="PostNewTweet" />
                </properties>
                <results>
                  <test-suite type="ParameterizedTest" name="DisallowRepostingATweet" description="Disallow reposting a tweet" executed="True" result="Success" success="True" time="14.027" asserts="1">
                    <properties>
                      <property name="Description" value="Disallow reposting a tweet" />
                    </properties>
                    <results>
                      <test-case name="Tweet_automation.Features.PostNewTweetFeature.DisallowRepostingATweet(&quot;Monday morning commute routine. #mugglelife&quot;,null)" executed="True" result="Success" success="True" time="14.027" asserts="1" />
                    </results>
                  </test-suite>
                  <test-suite type="ParameterizedTest" name="PostANewTweetLessThan280Chars" description="Post a new tweet less than 280 chars" executed="True" result="Success" success="True" time="22.460" asserts="6">
                    <properties>
                      <property name="Description" value="Post a new tweet less than 280 chars" />
                    </properties>
                    <results>
                      <test-case name="Tweet_automation.Features.PostNewTweetFeature.PostANewTweetLessThan280Chars(&quot;\&quot;Daenerys of the House Targaryen, the First of Her Name, The Unburnt, Queen of the Andals, the Rhoynar and the First Men, Queen of Meereen, Khaleesi of the Great Grass Sea, Protector of the Realm, Lady Regnant of the Seven Kingdoms, Breaker of Chains and Mother of Dragons.\&quot; GOT&quot;,null)" executed="True" result="Success" success="True" time="22.460" asserts="6" />
                    </results>
                  </test-suite>
                </results>
              </test-suite>
            </results>
          </test-suite>
        </results>
      </test-suite>
    </results>
  </test-suite>
</test-results>